2026-03-04 21:45:40,520 | INFO | Iniciando carga de datos
2026-03-04 21:45:40,614 | INFO | Dataset cargado correctamente | filas: 73487
2026-03-04 21:45:40,618 | INFO | --------------------------------------------------
2026-03-04 21:45:40,618 | INFO | ¿connected == call_completed?: False
2026-03-04 21:45:40,631 | INFO | --------------------------------------------------
2026-03-04 21:45:40,647 | INFO | Combinación | connected=True | call_completed=True | total=13751
2026-03-04 21:45:40,705 | INFO | Combinación | connected=True | call_completed=False | total=0
2026-03-04 21:45:40,734 | INFO | Combinación | connected=False | call_completed=True | total=16700
2026-03-04 21:45:40,952 | INFO | Combinación | connected=False | call_completed=False | total=43036
2026-03-04 21:45:41,228 | INFO | --------------------------------------------------
2026-03-04 21:45:41,245 | INFO | Conteo por combinación
2026-03-04 21:45:41,264 | INFO | --------------------------------------------------
2026-03-04 21:45:41,307 | INFO | TT (True,  True ) : 5
2026-03-04 21:45:41,329 | INFO | TF (True,  False) : 0
2026-03-04 21:45:41,359 | ERROR | FT (False, True ) : 5 <-- INCONSISTENCIA LOGICA
2026-03-04 21:45:41,384 | INFO | FF (False, False) : 5
2026-03-04 21:45:41,402 | INFO | --------------------------------------------------
2026-03-04 21:45:41,504 | INFO | --------------------------------------------------
2026-03-04 21:45:41,523 | INFO | Resumen validación diferencias
2026-03-04 21:45:41,540 | INFO | --------------------------------------------------
2026-03-04 21:45:41,554 | INFO | Filas donde connected != call_completed : 16700
2026-03-04 21:45:41,575 | INFO | Filas donde connected == False          : 59736
2026-03-04 21:45:41,596 | WARNING | Existen inconsistencias entre connected y call_completed
2026-03-04 21:45:41,616 | INFO | Proceso finalizado correctamente
2026-03-04 21:45:41,637 | INFO | --------------------------------------------------
